[2024-03-12 15:32:55:1228][background-preinit] INFO  o.h.validator.internal.util.Version - HV000001: Hibernate Validator 8.0.1.Final
[2024-03-12 15:32:55:1392][main] INFO  c.l.mavikarga.MaviKargaApplication - Starting MaviKargaApplication using Java 17.0.3.1 with PID 25512 (D:\Works\IdeaProjectsCommunity\mavi-karga\build\classes\java\main started by dltpg in D:\Works\IdeaProjectsCommunity\mavi-karga)
[2024-03-12 15:32:55:1396][main] INFO  c.l.mavikarga.MaviKargaApplication - No active profile set, falling back to 1 default profile: "default"
[2024-03-12 15:32:58:4723][main] INFO  o.s.d.r.c.RepositoryConfigurationDelegate - Bootstrapping Spring Data JPA repositories in DEFAULT mode.
[2024-03-12 15:32:58:4908][main] INFO  o.s.d.r.c.RepositoryConfigurationDelegate - Finished Spring Data repository scanning in 132 ms. Found 9 JPA repository interfaces.
[2024-03-12 15:33:00:6747][main] INFO  o.s.b.w.e.tomcat.TomcatWebServer - Tomcat initialized with port 8080 (http)
[2024-03-12 15:33:00:6757][main] INFO  o.a.coyote.http11.Http11NioProtocol - Initializing ProtocolHandler ["http-nio-8080"]
[2024-03-12 15:33:00:6760][main] INFO  o.a.catalina.core.StandardService - Starting service [Tomcat]
[2024-03-12 15:33:00:6760][main] INFO  o.a.catalina.core.StandardEngine - Starting Servlet engine: [Apache Tomcat/10.1.17]
[2024-03-12 15:33:00:6852][main] INFO  o.a.c.c.C.[Tomcat].[localhost].[/] - Initializing Spring embedded WebApplicationContext
[2024-03-12 15:33:00:6854][main] INFO  o.s.b.w.s.c.ServletWebServerApplicationContext - Root WebApplicationContext: initialization completed in 4420 ms
[2024-03-12 15:33:00:7050][main] INFO  o.h.jpa.internal.util.LogHelper - HHH000204: Processing PersistenceUnitInfo [name: default]
[2024-03-12 15:33:00:7123][main] INFO  org.hibernate.Version - HHH000412: Hibernate ORM core version 6.4.1.Final
[2024-03-12 15:33:01:7185][main] INFO  o.h.c.i.RegionFactoryInitiator - HHH000026: Second-level cache disabled
[2024-03-12 15:33:01:7438][main] INFO  o.s.o.j.p.SpringPersistenceUnitInfo - No LoadTimeWeaver setup: ignoring JPA class transformer
[2024-03-12 15:33:01:7470][main] INFO  com.zaxxer.hikari.HikariDataSource - HikariPool-1 - Starting...
[2024-03-12 15:33:01:7625][main] INFO  com.zaxxer.hikari.pool.HikariPool - HikariPool-1 - Added connection org.postgresql.jdbc.PgConnection@4272d8cf
[2024-03-12 15:33:01:7626][main] INFO  com.zaxxer.hikari.HikariDataSource - HikariPool-1 - Start completed.
[2024-03-12 15:33:02:8953][main] INFO  o.h.e.t.j.p.i.JtaPlatformInitiator - HHH000489: No JTA platform available (set 'hibernate.transaction.jta.platform' to enable JTA platform integration)
[2024-03-12 15:33:02:9107][main] INFO  o.s.o.j.LocalContainerEntityManagerFactoryBean - Initialized JPA EntityManagerFactory for persistence unit 'default'
[2024-03-12 15:33:03:9570][main] INFO  o.s.d.j.r.q.QueryEnhancerFactory - Hibernate is in classpath; If applicable, HQL parser will be used.
[2024-03-12 15:33:05:11373][main] INFO  o.s.b.a.w.s.WelcomePageHandlerMapping - Adding welcome page template: index
[2024-03-12 15:33:05:11602][main] INFO  o.s.s.w.DefaultSecurityFilterChain - Will secure any request with [org.springframework.security.web.session.DisableEncodeUrlFilter@46f03d6d, org.springframework.security.web.context.request.async.WebAsyncManagerIntegrationFilter@7375e6c1, org.springframework.security.web.context.SecurityContextHolderFilter@65e503a7, org.springframework.security.web.header.HeaderWriterFilter@523d6b45, org.springframework.web.filter.CorsFilter@596c6c3e, org.springframework.security.web.authentication.logout.LogoutFilter@64d19dad, org.springframework.security.oauth2.client.web.OAuth2AuthorizationRequestRedirectFilter@3db8bbbe, org.springframework.security.oauth2.client.web.OAuth2LoginAuthenticationFilter@566c6b91, org.springframework.security.web.savedrequest.RequestCacheAwareFilter@42ffa0c8, org.springframework.security.web.servletapi.SecurityContextHolderAwareRequestFilter@54139bd3, org.springframework.security.web.authentication.AnonymousAuthenticationFilter@541c7857, org.springframework.security.web.access.ExceptionTranslationFilter@146b3bc7, org.springframework.security.web.access.intercept.AuthorizationFilter@72e89ce2]
[2024-03-12 15:33:05:11877][main] INFO  o.a.coyote.http11.Http11NioProtocol - Starting ProtocolHandler ["http-nio-8080"]
[2024-03-12 15:33:05:11902][main] INFO  o.s.b.w.e.tomcat.TomcatWebServer - Tomcat started on port 8080 (http) with context path ''
[2024-03-12 15:33:05:11920][main] INFO  c.l.mavikarga.MaviKargaApplication - Started MaviKargaApplication in 11.546 seconds (process running for 12.179)
[2024-03-12 15:33:19:25317][http-nio-8080-exec-1] INFO  o.a.c.c.C.[Tomcat].[localhost].[/] - Initializing Spring DispatcherServlet 'dispatcherServlet'
[2024-03-12 15:33:19:25318][http-nio-8080-exec-1] INFO  o.s.web.servlet.DispatcherServlet - Initializing Servlet 'dispatcherServlet'
[2024-03-12 15:33:19:25319][http-nio-8080-exec-1] INFO  o.s.web.servlet.DispatcherServlet - Completed initialization in 1 ms
[2024-03-12 15:33:26:32343][http-nio-8080-exec-3] INFO  c.l.m.controller.OrderController - addProductToOrderNonUser
[2024-03-12 15:33:26:32365][http-nio-8080-exec-9] INFO  c.l.mavikarga.service.OrderService - cartForNonUser.getId() = 0
[2024-03-12 20:08:22:1221][background-preinit] INFO  o.h.validator.internal.util.Version - HV000001: Hibernate Validator 8.0.1.Final
[2024-03-12 20:08:22:1347][main] INFO  c.l.mavikarga.MaviKargaApplication - Starting MaviKargaApplication using Java 17.0.3.1 with PID 19592 (D:\Works\IdeaProjectsCommunity\mavi-karga\build\classes\java\main started by dltpg in D:\Works\IdeaProjectsCommunity\mavi-karga)
[2024-03-12 20:08:22:1350][main] INFO  c.l.mavikarga.MaviKargaApplication - No active profile set, falling back to 1 default profile: "default"
[2024-03-12 20:08:25:4029][main] INFO  o.s.d.r.c.RepositoryConfigurationDelegate - Bootstrapping Spring Data JPA repositories in DEFAULT mode.
[2024-03-12 20:08:25:4176][main] INFO  o.s.d.r.c.RepositoryConfigurationDelegate - Finished Spring Data repository scanning in 129 ms. Found 9 JPA repository interfaces.
[2024-03-12 20:08:26:5220][main] INFO  o.s.b.w.e.tomcat.TomcatWebServer - Tomcat initialized with port 8080 (http)
[2024-03-12 20:08:26:5230][main] INFO  o.a.coyote.http11.Http11NioProtocol - Initializing ProtocolHandler ["http-nio-8080"]
[2024-03-12 20:08:26:5233][main] INFO  o.a.catalina.core.StandardService - Starting service [Tomcat]
[2024-03-12 20:08:26:5233][main] INFO  o.a.catalina.core.StandardEngine - Starting Servlet engine: [Apache Tomcat/10.1.17]
[2024-03-12 20:08:26:5346][main] INFO  o.a.c.c.C.[Tomcat].[localhost].[/] - Initializing Spring embedded WebApplicationContext
[2024-03-12 20:08:26:5347][main] INFO  o.s.b.w.s.c.ServletWebServerApplicationContext - Root WebApplicationContext: initialization completed in 3225 ms
[2024-03-12 20:08:26:5541][main] INFO  o.h.jpa.internal.util.LogHelper - HHH000204: Processing PersistenceUnitInfo [name: default]
[2024-03-12 20:08:26:5626][main] INFO  org.hibernate.Version - HHH000412: Hibernate ORM core version 6.4.1.Final
[2024-03-12 20:08:27:5667][main] INFO  o.h.c.i.RegionFactoryInitiator - HHH000026: Second-level cache disabled
[2024-03-12 20:08:27:5991][main] INFO  o.s.o.j.p.SpringPersistenceUnitInfo - No LoadTimeWeaver setup: ignoring JPA class transformer
[2024-03-12 20:08:27:6042][main] INFO  com.zaxxer.hikari.HikariDataSource - HikariPool-1 - Starting...
[2024-03-12 20:08:27:6287][main] INFO  com.zaxxer.hikari.pool.HikariPool - HikariPool-1 - Added connection org.postgresql.jdbc.PgConnection@62054faf
[2024-03-12 20:08:27:6288][main] INFO  com.zaxxer.hikari.HikariDataSource - HikariPool-1 - Start completed.
[2024-03-12 20:08:29:7767][main] INFO  o.h.e.t.j.p.i.JtaPlatformInitiator - HHH000489: No JTA platform available (set 'hibernate.transaction.jta.platform' to enable JTA platform integration)
[2024-03-12 20:08:29:7960][main] INFO  o.s.o.j.LocalContainerEntityManagerFactoryBean - Initialized JPA EntityManagerFactory for persistence unit 'default'
[2024-03-12 20:08:29:8605][main] INFO  o.s.d.j.r.q.QueryEnhancerFactory - Hibernate is in classpath; If applicable, HQL parser will be used.
[2024-03-12 20:08:31:10353][main] INFO  o.s.b.a.w.s.WelcomePageHandlerMapping - Adding welcome page template: index
[2024-03-12 20:08:31:10633][main] INFO  o.s.s.w.DefaultSecurityFilterChain - Will secure any request with [org.springframework.security.web.session.DisableEncodeUrlFilter@4fdf83bb, org.springframework.security.web.context.request.async.WebAsyncManagerIntegrationFilter@75e81be2, org.springframework.security.web.context.SecurityContextHolderFilter@1cc07127, org.springframework.security.web.header.HeaderWriterFilter@42ffa0c8, org.springframework.web.filter.CorsFilter@42010bc8, org.springframework.security.web.authentication.logout.LogoutFilter@4c697c25, org.springframework.security.oauth2.client.web.OAuth2AuthorizationRequestRedirectFilter@1b6dab22, org.springframework.security.oauth2.client.web.OAuth2LoginAuthenticationFilter@596c6c3e, org.springframework.security.web.savedrequest.RequestCacheAwareFilter@6b83b137, org.springframework.security.web.servletapi.SecurityContextHolderAwareRequestFilter@4098a6b0, org.springframework.security.web.authentication.AnonymousAuthenticationFilter@50b4e828, org.springframework.security.web.access.ExceptionTranslationFilter@65e503a7, org.springframework.security.web.access.intercept.AuthorizationFilter@7e654c]
[2024-03-12 20:08:32:11003][main] INFO  o.a.coyote.http11.Http11NioProtocol - Starting ProtocolHandler ["http-nio-8080"]
[2024-03-12 20:08:32:11031][main] INFO  o.s.b.w.e.tomcat.TomcatWebServer - Tomcat started on port 8080 (http) with context path ''
[2024-03-12 20:08:32:11044][main] INFO  c.l.mavikarga.MaviKargaApplication - Started MaviKargaApplication in 10.652 seconds (process running for 11.331)
[2024-03-12 20:08:48:26647][http-nio-8080-exec-1] INFO  o.a.c.c.C.[Tomcat].[localhost].[/] - Initializing Spring DispatcherServlet 'dispatcherServlet'
[2024-03-12 20:08:48:26647][http-nio-8080-exec-1] INFO  o.s.web.servlet.DispatcherServlet - Initializing Servlet 'dispatcherServlet'
[2024-03-12 20:08:48:26648][http-nio-8080-exec-1] INFO  o.s.web.servlet.DispatcherServlet - Completed initialization in 1 ms
[2024-03-12 20:08:51:30122][http-nio-8080-exec-2] INFO  c.l.m.controller.LoginController - loginForm prevPage = http://localhost:8080/
[2024-03-12 20:08:54:33510][http-nio-8080-exec-6] INFO  c.l.m.c.o.PrincipalOAuth2UserService - userRequest = org.springframework.security.oauth2.client.userinfo.OAuth2UserRequest@4bca6a88
[2024-03-12 20:08:54:33510][http-nio-8080-exec-6] INFO  c.l.m.c.o.PrincipalOAuth2UserService - userRequest.getClientRegistration() = ClientRegistration{registrationId='google', clientId='881863830842-rb678bmt0sog1kf1295l0s16e135ap3a.apps.googleusercontent.com', clientSecret='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', clientAuthenticationMethod=client_secret_basic, authorizationGrantType=org.springframework.security.oauth2.core.AuthorizationGrantType@5da5e9f3, redirectUri='http://localhost:8080/login/oauth2/code/google', scopes=[profile], providerDetails=org.springframework.security.oauth2.client.registration.ClientRegistration$ProviderDetails@a89f1f5, clientName='Google'}
[2024-03-12 20:08:54:33514][http-nio-8080-exec-6] INFO  c.l.m.c.o.PrincipalOAuth2UserService - userRequest.getAccessToken().getTokenValue() = ya29.a0Ad52N3_tDsWp565ttk_JtldWNf10WRqlFm0BbXolwc74XpDbP3-jDqezL7E3rP4jZaA7tmA4CiIK-sZuUq2BW7TlNywN4kLrLgu4uTCSuN8O22sz2NQcMGrTHZpgs9V_o2NoH-zNJaRb2wX306pjM2pjgfwJRfFlW2DbaCgYKAdMSARASFQHGX2MisYuaIPnKgiUu9p0mbxewPg0171
[2024-03-12 20:08:54:33514][http-nio-8080-exec-6] INFO  c.l.m.c.o.PrincipalOAuth2UserService - userRequest.getClientRegistration() = ClientRegistration{registrationId='google', clientId='881863830842-rb678bmt0sog1kf1295l0s16e135ap3a.apps.googleusercontent.com', clientSecret='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', clientAuthenticationMethod=client_secret_basic, authorizationGrantType=org.springframework.security.oauth2.core.AuthorizationGrantType@5da5e9f3, redirectUri='http://localhost:8080/login/oauth2/code/google', scopes=[profile], providerDetails=org.springframework.security.oauth2.client.registration.ClientRegistration$ProviderDetails@a89f1f5, clientName='Google'}
[2024-03-12 20:08:54:33619][http-nio-8080-exec-6] INFO  c.l.m.c.o.PrincipalOAuth2UserService - super.loadUser(userRequest).getAttributes() = {sub=113278514104204816500, name=이세현, given_name=세현, family_name=이, picture=https://lh3.googleusercontent.com/a/ACg8ocLjmyFdD4xwZx25hfhq4DEzJ7HpOiEH11PvmGg6RD-c=s96-c, locale=ko}
[2024-03-12 20:08:55:33825][http-nio-8080-exec-6] INFO  c.l.m.h.CustomLoginSuccessHandler - onAuthenticationSuccess
[2024-03-12 20:08:55:33825][http-nio-8080-exec-6] INFO  c.l.m.h.CustomLoginSuccessHandler - prevPage = http://localhost:8080/
[2024-03-12 20:08:58:37486][http-nio-8080-exec-6] INFO  c.l.m.controller.AdminController - products = [ViewProductDto(id=ad3ed870-e974-4b7b-bcf2-277b814dece3, name=test, price=100, available=false, thumbnail_url=https://mavikarga-bucket.s3.ap-northeast-2.amazonaws.com/images/empty_default.png), ViewProductDto(id=a2274409-3d6b-4836-8546-23b55eaeeab1, name=test2, price=100, available=false, thumbnail_url=https://mavikarga-bucket.s3.ap-northeast-2.amazonaws.com/images/empty_default.png)]
[2024-03-12 20:09:11:50402][http-nio-8080-exec-6] INFO  c.l.m.controller.LoginController - loginForm prevPage = http://localhost:8080/
[2024-03-12 20:09:13:52074][http-nio-8080-exec-3] INFO  c.l.m.c.o.PrincipalOAuth2UserService - userRequest = org.springframework.security.oauth2.client.userinfo.OAuth2UserRequest@c40b93d
[2024-03-12 20:09:13:52074][http-nio-8080-exec-3] INFO  c.l.m.c.o.PrincipalOAuth2UserService - userRequest.getClientRegistration() = ClientRegistration{registrationId='naver', clientId='rcMsSKsKsCY5FoQoBK58', clientSecret='M1RYTiWGjJ', clientAuthenticationMethod=client_secret_basic, authorizationGrantType=org.springframework.security.oauth2.core.AuthorizationGrantType@5da5e9f3, redirectUri='http://localhost:8080/login/oauth2/code/naver', scopes=null, providerDetails=org.springframework.security.oauth2.client.registration.ClientRegistration$ProviderDetails@519abdd4, clientName='Naver'}
[2024-03-12 20:09:13:52074][http-nio-8080-exec-3] INFO  c.l.m.c.o.PrincipalOAuth2UserService - userRequest.getAccessToken().getTokenValue() = AAAAOJVxlPZDiNLM9ehM2N2I45mp8fiw-jaAsKVdRgDrg_8ZKN8wTyCn3CKHzOgJAryeMh8Cnugg-ez7Bh4758V4fNY
[2024-03-12 20:09:13:52074][http-nio-8080-exec-3] INFO  c.l.m.c.o.PrincipalOAuth2UserService - userRequest.getClientRegistration() = ClientRegistration{registrationId='naver', clientId='rcMsSKsKsCY5FoQoBK58', clientSecret='M1RYTiWGjJ', clientAuthenticationMethod=client_secret_basic, authorizationGrantType=org.springframework.security.oauth2.core.AuthorizationGrantType@5da5e9f3, redirectUri='http://localhost:8080/login/oauth2/code/naver', scopes=null, providerDetails=org.springframework.security.oauth2.client.registration.ClientRegistration$ProviderDetails@519abdd4, clientName='Naver'}
[2024-03-12 20:09:13:52172][http-nio-8080-exec-3] INFO  c.l.m.c.o.PrincipalOAuth2UserService - super.loadUser(userRequest).getAttributes() = {resultcode=00, message=success, response={id=LcxUH_KWq5TC3ByGvI5OQ-B1Mkghb5Cqi4pQxBaHJyk, age=20-29, gender=M, email=chadol51@naver.com, name=이세현}}
[2024-03-12 20:09:13:52279][http-nio-8080-exec-3] INFO  c.l.m.h.CustomLoginSuccessHandler - onAuthenticationSuccess
[2024-03-12 20:09:13:52279][http-nio-8080-exec-3] INFO  c.l.m.h.CustomLoginSuccessHandler - prevPage = http://localhost:8080/
[2024-03-12 20:09:23:62101][http-nio-8080-exec-10] INFO  c.l.m.controller.LoginController - loginForm prevPage = http://localhost:8080/
[2024-03-12 20:09:26:65058][http-nio-8080-exec-6] INFO  c.l.m.c.o.PrincipalOAuth2UserService - userRequest = org.springframework.security.oauth2.client.userinfo.OAuth2UserRequest@52759ec4
[2024-03-12 20:09:26:65058][http-nio-8080-exec-6] INFO  c.l.m.c.o.PrincipalOAuth2UserService - userRequest.getClientRegistration() = ClientRegistration{registrationId='google', clientId='881863830842-rb678bmt0sog1kf1295l0s16e135ap3a.apps.googleusercontent.com', clientSecret='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', clientAuthenticationMethod=client_secret_basic, authorizationGrantType=org.springframework.security.oauth2.core.AuthorizationGrantType@5da5e9f3, redirectUri='http://localhost:8080/login/oauth2/code/google', scopes=[profile], providerDetails=org.springframework.security.oauth2.client.registration.ClientRegistration$ProviderDetails@a89f1f5, clientName='Google'}
[2024-03-12 20:09:26:65058][http-nio-8080-exec-6] INFO  c.l.m.c.o.PrincipalOAuth2UserService - userRequest.getAccessToken().getTokenValue() = ya29.a0Ad52N3_5qRlGRVJMCYnHvY_fzfUAYEZTIJOVe9QuVV2XkFbzxE5vwkNsHZZ7Ji0rjyyFCfEljKtb1Jj85eu9pzvqRva7vLfJOuks8b8xw_dd1ay9T9M5SdF_S5Lw79bzicSjeCfLASvC_F1ocJ1y5gyFdFtBWLP_LNT6aCgYKAYgSARASFQHGX2Mi__6Cp8XV22ObYUFEt7aVHQ0171
[2024-03-12 20:09:26:65058][http-nio-8080-exec-6] INFO  c.l.m.c.o.PrincipalOAuth2UserService - userRequest.getClientRegistration() = ClientRegistration{registrationId='google', clientId='881863830842-rb678bmt0sog1kf1295l0s16e135ap3a.apps.googleusercontent.com', clientSecret='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', clientAuthenticationMethod=client_secret_basic, authorizationGrantType=org.springframework.security.oauth2.core.AuthorizationGrantType@5da5e9f3, redirectUri='http://localhost:8080/login/oauth2/code/google', scopes=[profile], providerDetails=org.springframework.security.oauth2.client.registration.ClientRegistration$ProviderDetails@a89f1f5, clientName='Google'}
[2024-03-12 20:09:26:65185][http-nio-8080-exec-6] INFO  c.l.m.c.o.PrincipalOAuth2UserService - super.loadUser(userRequest).getAttributes() = {sub=113278514104204816500, name=이세현, given_name=세현, family_name=이, picture=https://lh3.googleusercontent.com/a/ACg8ocLjmyFdD4xwZx25hfhq4DEzJ7HpOiEH11PvmGg6RD-c=s96-c, locale=ko}
[2024-03-12 20:09:26:65247][http-nio-8080-exec-6] INFO  c.l.m.h.CustomLoginSuccessHandler - onAuthenticationSuccess
[2024-03-12 20:09:26:65248][http-nio-8080-exec-6] INFO  c.l.m.h.CustomLoginSuccessHandler - prevPage = http://localhost:8080/
